# JRE version: OpenJDK Runtime Environment (8.0_152-b01) (build 1.8.0_152-release-915-b01)
# Java VM: OpenJDK 64-Bit Server VM (25.152-b01 mixed mode windows-amd64 compressed oops)
Heap:
 PSYoungGen      total 371712K, used 42047K [0x00000000e0000000, 0x00000000ff280000, 0x0000000100000000)
  eden space 249344K, 0% used [0x00000000e0000000,0x00000000e0000000,0x00000000ef380000)
  from space 122368K, 34% used [0x00000000f7b00000,0x00000000fa40fdb0,0x00000000ff280000)
  to   space 130560K, 0% used [0x00000000ef380000,0x00000000ef380000,0x00000000f7300000)
 ParOldGen       total 545792K, used 537227K [0x00000000a0000000, 0x00000000c1500000, 0x00000000e0000000)
  object space 545792K, 98% used [0x00000000a0000000,0x00000000c0ca2d38,0x00000000c1500000)
 Metaspace       used 115391K, capacity 123374K, committed 123736K, reserved 1157120K
  class space    used 14089K, capacity 15874K, committed 16000K, reserved 1048576K
GC Heap History (10 events):
Event: 2499.192 GC heap after
Heap after GC invocations=192 (full 14):
 PSYoungGen      total 373760K, used 93180K [0x00000000e0000000, 0x0000000100000000, 0x0000000100000000)
  eden space 280576K, 0% used [0x00000000e0000000,0x00000000e0000000,0x00000000f1200000)
  from space 93184K, 99% used [0x00000000fa500000,0x00000000fffff2d0,0x0000000100000000)
  to   space 121856K, 0% used [0x00000000f1200000,0x00000000f1200000,0x00000000f8900000)
 ParOldGen       total 545792K, used 459434K [0x00000000a0000000, 0x00000000c1500000, 0x00000000e0000000)
  object space 545792K, 84% used [0x00000000a0000000,0x00000000bc0aaa18,0x00000000c1500000)
 Metaspace       used 115212K, capacity 123166K, committed 123352K, reserved 1157120K
  class space    used 14084K, capacity 15872K, committed 15872K, reserved 1048576K
}
Event: 2500.982 GC heap before
{Heap before GC invocations=193 (full 14):
 PSYoungGen      total 373760K, used 373756K [0x00000000e0000000, 0x0000000100000000, 0x0000000100000000)
  eden space 280576K, 100% used [0x00000000e0000000,0x00000000f1200000,0x00000000f1200000)
  from space 93184K, 99% used [0x00000000fa500000,0x00000000fffff2d0,0x0000000100000000)
  to   space 121856K, 0% used [0x00000000f1200000,0x00000000f1200000,0x00000000f8900000)
 ParOldGen       total 545792K, used 459434K [0x00000000a0000000, 0x00000000c1500000, 0x00000000e0000000)
  object space 545792K, 84% used [0x00000000a0000000,0x00000000bc0aaa18,0x00000000c1500000)
 Metaspace       used 115255K, capacity 123236K, committed 123480K, reserved 1157120K
  class space    used 14085K, capacity 15873K, committed 16000K, reserved 1048576K
Event: 2501.081 GC heap after
Heap after GC invocations=193 (full 14):
 PSYoungGen      total 372224K, used 91198K [0x00000000e0000000, 0x0000000100000000, 0x0000000100000000)
  eden space 280576K, 0% used [0x00000000e0000000,0x00000000e0000000,0x00000000f1200000)
  from space 91648K, 99% used [0x00000000f1200000,0x00000000f6b0fa20,0x00000000f6b80000)
  to   space 131072K, 0% used [0x00000000f8000000,0x00000000f8000000,0x0000000100000000)
 ParOldGen       total 545792K, used 462538K [0x00000000a0000000, 0x00000000c1500000, 0x00000000e0000000)
  object space 545792K, 84% used [0x00000000a0000000,0x00000000bc3b2a18,0x00000000c1500000)
 Metaspace       used 115255K, capacity 123236K, committed 123480K, reserved 1157120K
  class space    used 14085K, capacity 15873K, committed 16000K, reserved 1048576K
}
Event: 2503.261 GC heap before
{Heap before GC invocations=194 (full 14):
 PSYoungGen      total 372224K, used 371774K [0x00000000e0000000, 0x0000000100000000, 0x0000000100000000)
  eden space 280576K, 100% used [0x00000000e0000000,0x00000000f1200000,0x00000000f1200000)
  from space 91648K, 99% used [0x00000000f1200000,0x00000000f6b0fa20,0x00000000f6b80000)
  to   space 131072K, 0% used [0x00000000f8000000,0x00000000f8000000,0x0000000100000000)
 ParOldGen       total 545792K, used 462538K [0x00000000a0000000, 0x00000000c1500000, 0x00000000e0000000)
  object space 545792K, 84% used [0x00000000a0000000,0x00000000bc3b2a18,0x00000000c1500000)
 Metaspace       used 115300K, capacity 123304K, committed 123480K, reserved 1157120K
  class space    used 14086K, capacity 15873K, committed 16000K, reserved 1048576K
Event: 2503.408 GC heap after
Heap after GC invocations=194 (full 14):
 PSYoungGen      total 377856K, used 92505K [0x00000000e0000000, 0x0000000100000000, 0x0000000100000000)
  eden space 246784K, 0% used [0x00000000e0000000,0x00000000e0000000,0x00000000ef100000)
  from space 131072K, 70% used [0x00000000f8000000,0x00000000fda56468,0x0000000100000000)
  to   space 138752K, 0% used [0x00000000ef100000,0x00000000ef100000,0x00000000f7880000)
 ParOldGen       total 545792K, used 471580K [0x00000000a0000000, 0x00000000c1500000, 0x00000000e0000000)
  object space 545792K, 86% used [0x00000000a0000000,0x00000000bcc87008,0x00000000c1500000)
 Metaspace       used 115300K, capacity 123304K, committed 123480K, reserved 1157120K
  class space    used 14086K, capacity 15873K, committed 16000K, reserved 1048576K
}
Event: 2505.353 GC heap before
{Heap before GC invocations=195 (full 14):
 PSYoungGen      total 377856K, used 339289K [0x00000000e0000000, 0x0000000100000000, 0x0000000100000000)
  eden space 246784K, 100% used [0x00000000e0000000,0x00000000ef100000,0x00000000ef100000)
  from space 131072K, 70% used [0x00000000f8000000,0x00000000fda56468,0x0000000100000000)
  to   space 138752K, 0% used [0x00000000ef100000,0x00000000ef100000,0x00000000f7880000)
 ParOldGen       total 545792K, used 471580K [0x00000000a0000000, 0x00000000c1500000, 0x00000000e0000000)
  object space 545792K, 86% used [0x00000000a0000000,0x00000000bcc87008,0x00000000c1500000)
 Metaspace       used 115355K, capacity 123304K, committed 123480K, reserved 1157120K
  class space    used 14089K, capacity 15873K, committed 16000K, reserved 1048576K
Event: 2505.467 GC heap after
Heap after GC invocations=195 (full 14):
 PSYoungGen      total 385536K, used 69967K [0x00000000e0000000, 0x0000000100000000, 0x0000000100000000)
  eden space 246784K, 0% used [0x00000000e0000000,0x00000000e0000000,0x00000000ef100000)
  from space 138752K, 50% used [0x00000000ef100000,0x00000000f3553ea0,0x00000000f7880000)
  to   space 136192K, 0% used [0x00000000f7b00000,0x00000000f7b00000,0x0000000100000000)
 ParOldGen       total 545792K, used 504506K [0x00000000a0000000, 0x00000000c1500000, 0x00000000e0000000)
  object space 545792K, 92% used [0x00000000a0000000,0x00000000becaeb20,0x00000000c1500000)
 Metaspace       used 115355K, capacity 123304K, committed 123480K, reserved 1157120K
  class space    used 14089K, capacity 15873K, committed 16000K, reserved 1048576K
}
Event: 2507.172 GC heap before
{Heap before GC invocations=196 (full 14):
 PSYoungGen      total 385536K, used 316751K [0x00000000e0000000, 0x0000000100000000, 0x0000000100000000)
  eden space 246784K, 100% used [0x00000000e0000000,0x00000000ef100000,0x00000000ef100000)
  from space 138752K, 50% used [0x00000000ef100000,0x00000000f3553ea0,0x00000000f7880000)
  to   space 136192K, 0% used [0x00000000f7b00000,0x00000000f7b00000,0x0000000100000000)
 ParOldGen       total 545792K, used 504506K [0x00000000a0000000, 0x00000000c1500000, 0x00000000e0000000)
  object space 545792K, 92% used [0x00000000a0000000,0x00000000becaeb20,0x00000000c1500000)
 Metaspace       used 115391K, capacity 123374K, committed 123736K, reserved 1157120K
  class space    used 14089K, capacity 15874K, committed 16000K, reserved 1048576K
Event: 2507.282 GC heap after
Heap after GC invocations=196 (full 14):
 PSYoungGen      total 371712K, used 42047K [0x00000000e0000000, 0x00000000ff280000, 0x0000000100000000)
  eden space 249344K, 0% used [0x00000000e0000000,0x00000000e0000000,0x00000000ef380000)
  from space 122368K, 34% used [0x00000000f7b00000,0x00000000fa40fdb0,0x00000000ff280000)
  to   space 130560K, 0% used [0x00000000ef380000,0x00000000ef380000,0x00000000f7300000)
 ParOldGen       total 545792K, used 537227K [0x00000000a0000000, 0x00000000c1500000, 0x00000000e0000000)
  object space 545792K, 98% used [0x00000000a0000000,0x00000000c0ca2d38,0x00000000c1500000)
 Metaspace       used 115391K, capacity 123374K, committed 123736K, reserved 1157120K
  class space    used 14089K, capacity 15874K, committed 16000K, reserved 1048576K
}
Event: 2507.282 GC heap before
{Heap before GC invocations=197 (full 15):
 PSYoungGen      total 371712K, used 42047K [0x00000000e0000000, 0x00000000ff280000, 0x0000000100000000)
  eden space 249344K, 0% used [0x00000000e0000000,0x00000000e0000000,0x00000000ef380000)
  from space 122368K, 34% used [0x00000000f7b00000,0x00000000fa40fdb0,0x00000000ff280000)
  to   space 130560K, 0% used [0x00000000ef380000,0x00000000ef380000,0x00000000f7300000)
 ParOldGen       total 545792K, used 537227K [0x00000000a0000000, 0x00000000c1500000, 0x00000000e0000000)
  object space 545792K, 98% used [0x00000000a0000000,0x00000000c0ca2d38,0x00000000c1500000)
 Metaspace       used 115391K, capacity 123374K, committed 123736K, reserved 1157120K
  class space    used 14089K, capacity 15874K, committed 16000K, reserved 1048576K

